[2025-04-06 17:57:42] [info] Start Program:
Path:"C:\Users\40773\source\repos\Laboratoare\x64\Debug\POO_Lab06.exe"
Arguments:
Working directory: "C:\Users\40773\source\repos\Laboratoare\POO_Lab06\"
Modules: Selected: C:\Users\40773\source\repos\Laboratoare\x64\Debug\POO_Lab02.exe C:\Users\40773\source\repos\Laboratoare\x64\Debug\SDA_Lab01.exe C:\Users\40773\source\repos\Laboratoare\x64\Debug\POO_Lab03.exe C:\Users\40773\source\repos\Laboratoare\x64\Debug\POO_Lab04.exe C:\Users\40773\source\repos\Laboratoare\x64\Debug\POO_Lab05.exe C:\Users\40773\source\repos\Laboratoare\x64\Debug\POO_Lab06.exe Excluded: 
Sources: Selected: C:\Users\40773\source\repos\Laboratoare\POO_Lab02 C:\Users\40773\source\repos\Laboratoare\SDA_Lab01 C:\Users\40773\source\repos\Laboratoare\POO_Lab03 C:\Users\40773\source\repos\Laboratoare\POO_Lab4 C:\Users\40773\source\repos\Laboratoare\POO_Lab05 C:\Users\40773\source\repos\Laboratoare\POO_Lab06 Excluded: 
Log Level: Normal
Cover Children: 0
Aggregate by file: 1
Continue after C++ exception: 0
Optimized build support: 0
Export: Binary C:\Users\40773\AppData\Local\Temp\g4akbnfy.i2i 
Input coverage: 
Unified diff: 
Excluded line regular expressions: 
Substitute pdb source paths: 

[2025-04-06 17:57:42] [info] Module: C:\Users\40773\source\repos\Laboratoare\x64\Debug\POO_Lab06.exe is selected because it matches selected pattern: C:\Users\40773\source\repos\Laboratoare\x64\Debug\POO_Lab06.exe
[2025-04-06 17:57:42] [info] ----------------------------------------------------
[2025-04-06 17:57:42] [info] Coverage binary generated in file: C:\Users\40773\AppData\Local\Temp\g4akbnfy.i2i
[2025-04-06 17:57:42] [info] ----------------------------------------------------
