[2025-05-07 09:08:45] [info] Start Program:
Path:"C:\Users\rzvde\Sync\source\OOP\POO_Lab09\x64\Debug\POO_Lab09.exe"
Arguments:
Working directory: "C:\Users\rzvde\Sync\source\OOP\POO_Lab09\"
Modules: Selected: C:\Users\rzvde\Sync\source\OOP\POO_Lab09\x64\Debug\POO_Lab09.exe Excluded: 
Sources: Selected: C:\Users\rzvde\Sync\source\OOP\POO_Lab09 Excluded: 
Log Level: Normal
Cover Children: 0
Aggregate by file: 1
Continue after C++ exception: 0
Optimized build support: 0
Export: Binary C:\Users\rzvde\AppData\Local\Temp\h4fjh3tu.wc0 
Input coverage: 
Unified diff: 
Excluded line regular expressions: 
Substitute pdb source paths: 

[2025-05-07 09:08:45] [info] Module: C:\Users\rzvde\Sync\source\OOP\POO_Lab09\x64\Debug\POO_Lab09.exe is selected because it matches selected pattern: C:\Users\rzvde\Sync\source\OOP\POO_Lab09\x64\Debug\POO_Lab09.exe
[2025-05-07 09:08:45] [error] 

----------------------------------------------------
*** Unhandled exception code: 3765269347: Exception C++
----------------------------------------------------
If your application was built with optimization enabled, make sure you use --optimized_build

[2025-05-07 09:08:45] [info] ----------------------------------------------------
[2025-05-07 09:08:45] [info] Coverage binary generated in file: C:\Users\rzvde\AppData\Local\Temp\h4fjh3tu.wc0
[2025-05-07 09:08:45] [info] ----------------------------------------------------
[2025-05-07 09:08:45] [error] Your program stop with error code: -529697949
